<?xml version="1.0" encoding="UTF-8"?>
<!-- Generated by org.testng.reporters.JUnitReportReporter -->
<testsuite hostname="Class-VM" name="tests.RegistrationTest" tests="1" failures="0" timestamp="19 Oct 2014 20:27:51 GMT" time="8.738" errors="0">
  <testcase name="registerTest" time="8.738" classname="tests.RegistrationTest"/>
</testsuite> <!-- tests.RegistrationTest -->
